TN:
SF:src/modules/budgets/services/CreateBudgetService.ts
FN:35,Object.<anonymous>
FN:35,Object.<anonymous>.__decorate
FN:35,Object.<anonymous>.__metadata
FN:35,Object.<anonymous>.__param
FN:35,Object.<anonymous>.__awaiter
FN:35,adopt
FN:35,fulfilled
FN:35,rejected
FN:35,step
FN:35,Object.<anonymous>.__generator
FN:35,sent
FN:35,g.<computed>
FN:35,verb
FN:35,step
FN:35,Object.<anonymous>.__importDefault
FN:20,CreateBudgetService
FN:25,Object.<anonymous>.CreateBudgetService.execute
FNF:17
FNH:15
FNDA:2,Object.<anonymous>
FNDA:2,Object.<anonymous>.__decorate
FNDA:2,Object.<anonymous>.__metadata
FNDA:2,Object.<anonymous>.__param
FNDA:5,Object.<anonymous>.__awaiter
FNDA:5,adopt
FNDA:4,fulfilled
FNDA:0,rejected
FNDA:9,step
FNDA:5,Object.<anonymous>.__generator
FNDA:4,sent
FNDA:0,g.<computed>
FNDA:15,verb
FNDA:9,step
FNDA:2,Object.<anonymous>.__importDefault
FNDA:3,CreateBudgetService
FNDA:5,Object.<anonymous>.CreateBudgetService.execute
DA:1,1
DA:2,1
DA:3,1
DA:4,1
DA:5,1
DA:6,1
DA:7,1
DA:8,1
DA:9,1
DA:10,1
DA:11,1
DA:12,1
DA:13,1
DA:14,1
DA:15,1
DA:16,1
DA:17,1
DA:18,1
DA:19,2
DA:20,2
DA:21,3
DA:22,3
DA:23,3
DA:24,2
DA:25,2
DA:26,5
DA:27,5
DA:28,5
DA:29,5
DA:30,5
DA:31,5
DA:32,5
DA:33,2
DA:34,1
DA:35,1
LF:35
LH:35
BRDA:35,0,0,2
BRDA:35,1,0,2
BRDA:35,2,0,2
BRDA:35,3,0,0
BRDA:35,4,0,0
BRDA:35,5,0,0
BRDA:35,6,0,0
BRDA:35,7,0,2
BRDA:35,8,0,2
BRDA:35,9,0,2
BRDA:35,10,0,5
BRDA:35,11,0,5
BRDA:35,12,0,0
BRDA:35,13,0,5
BRDA:35,14,0,4
BRDA:35,15,0,0
BRDA:35,16,0,9
BRDA:35,17,0,4
BRDA:35,18,0,5
BRDA:35,19,0,5
BRDA:35,20,0,4
BRDA:35,21,0,0
BRDA:35,22,0,15
BRDA:35,23,0,9
BRDA:35,24,0,9
BRDA:35,25,0,0
BRDA:35,26,0,18
BRDA:35,27,0,0
BRDA:35,28,0,0
BRDA:35,29,0,0
BRDA:35,30,0,0
BRDA:35,31,0,9
BRDA:35,32,0,9
BRDA:35,33,0,5
BRDA:35,34,0,0
BRDA:35,35,0,0
BRDA:35,36,0,4
BRDA:35,37,0,0
BRDA:35,38,0,0
BRDA:35,39,0,0
BRDA:35,40,0,0
BRDA:35,41,0,0
BRDA:35,42,0,9
BRDA:35,43,0,0
BRDA:35,44,0,9
BRDA:35,45,0,4
BRDA:35,46,0,0
BRDA:35,47,0,4
BRDA:35,48,0,0
BRDA:35,49,0,2
BRDA:35,50,0,0
BRDA:19,51,0,2
BRDA:20,52,0,3
BRDA:25,53,0,5
BRDA:35,54,0,5
BRDA:35,55,0,9
BRDA:35,56,0,5
BRDA:35,57,0,4
BRF:58
BRH:35
end_of_record
TN:
SF:src/modules/budgets/services/ListBudgetsService.ts
FN:20,Object.<anonymous>
FN:20,Object.<anonymous>.__decorate
FN:20,Object.<anonymous>.__metadata
FN:20,Object.<anonymous>.__param
FN:20,Object.<anonymous>.__awaiter
FN:20,adopt
FN:20,fulfilled
FN:20,rejected
FN:20,step
FN:20,Object.<anonymous>.__generator
FN:20,sent
FN:20,g.<computed>
FN:20,verb
FN:20,step
FN:8,ListBudgetsService
FN:13,Object.<anonymous>.ListBudgetsService.execute
FNF:16
FNH:11
FNDA:1,Object.<anonymous>
FNDA:1,Object.<anonymous>.__decorate
FNDA:1,Object.<anonymous>.__metadata
FNDA:1,Object.<anonymous>.__param
FNDA:1,Object.<anonymous>.__awaiter
FNDA:0,adopt
FNDA:0,fulfilled
FNDA:0,rejected
FNDA:1,step
FNDA:1,Object.<anonymous>.__generator
FNDA:0,sent
FNDA:0,g.<computed>
FNDA:3,verb
FNDA:1,step
FNDA:1,ListBudgetsService
FNDA:1,Object.<anonymous>.ListBudgetsService.execute
DA:1,1
DA:2,1
DA:3,1
DA:4,1
DA:5,1
DA:6,1
DA:7,1
DA:8,1
DA:9,1
DA:10,1
DA:11,1
DA:12,1
DA:13,1
DA:14,1
DA:15,1
DA:16,1
DA:17,1
DA:18,1
DA:19,1
DA:20,1
LF:20
LH:20
BRDA:20,0,0,1
BRDA:20,1,0,1
BRDA:20,2,0,1
BRDA:20,3,0,0
BRDA:20,4,0,0
BRDA:20,5,0,0
BRDA:20,6,0,0
BRDA:20,7,0,1
BRDA:20,8,0,1
BRDA:20,9,0,1
BRDA:20,10,0,1
BRDA:20,11,0,1
BRDA:20,12,0,1
BRDA:20,13,0,0
BRDA:20,14,0,1
BRDA:20,15,0,3
BRDA:20,16,0,1
BRDA:20,17,0,1
BRDA:20,18,0,0
BRDA:20,19,0,2
BRDA:20,20,0,0
BRDA:20,21,0,0
BRDA:20,22,0,0
BRDA:20,23,0,0
BRDA:20,24,0,1
BRDA:20,25,0,1
BRDA:20,26,0,0
BRDA:20,27,0,0
BRDA:20,28,0,0
BRDA:20,29,0,1
BRDA:20,30,0,0
BRDA:20,31,0,0
BRDA:20,32,0,0
BRDA:20,33,0,0
BRDA:20,34,0,0
BRDA:20,35,0,1
BRDA:20,36,0,0
BRDA:20,37,0,1
BRDA:20,38,0,0
BRDA:20,39,0,0
BRDA:7,40,0,1
BRDA:8,41,0,1
BRDA:13,42,0,1
BRDA:20,43,0,1
BRDA:20,44,0,1
BRF:45
BRH:24
end_of_record
TN:
SF:src/modules/users/services/AuthenticateUserService.ts
FN:61,Object.<anonymous>
FN:61,Object.<anonymous>.__decorate
FN:61,Object.<anonymous>.__metadata
FN:61,Object.<anonymous>.__param
FN:61,Object.<anonymous>.__awaiter
FN:61,adopt
FN:61,fulfilled
FN:61,rejected
FN:61,step
FN:61,Object.<anonymous>.__generator
FN:61,sent
FN:61,g.<computed>
FN:61,verb
FN:61,step
FN:61,Object.<anonymous>.__importDefault
FN:23,AuthenticateUserService
FN:31,Object.<anonymous>.AuthenticateUserService.execute
FNF:17
FNH:15
FNDA:1,Object.<anonymous>
FNDA:1,Object.<anonymous>.__decorate
FNDA:1,Object.<anonymous>.__metadata
FNDA:2,Object.<anonymous>.__param
FNDA:3,Object.<anonymous>.__awaiter
FNDA:5,adopt
FNDA:5,fulfilled
FNDA:0,rejected
FNDA:6,step
FNDA:3,Object.<anonymous>.__generator
FNDA:5,sent
FNDA:0,g.<computed>
FNDA:9,verb
FNDA:8,step
FNDA:2,Object.<anonymous>.__importDefault
FNDA:3,AuthenticateUserService
FNDA:3,Object.<anonymous>.AuthenticateUserService.execute
DA:1,1
DA:2,1
DA:3,1
DA:4,1
DA:5,1
DA:6,1
DA:7,1
DA:8,1
DA:9,1
DA:10,1
DA:11,1
DA:12,1
DA:13,1
DA:14,1
DA:15,1
DA:16,1
DA:17,1
DA:18,1
DA:19,1
DA:20,1
DA:21,1
DA:22,1
DA:23,1
DA:24,3
DA:25,3
DA:26,3
DA:27,3
DA:28,3
DA:29,3
DA:30,1
DA:31,1
DA:32,3
DA:33,3
DA:34,3
DA:35,1
DA:36,1
DA:37,2
DA:38,2
DA:39,2
DA:40,2
DA:41,2
DA:42,3
DA:43,3
DA:44,1
DA:45,1
DA:46,1
DA:47,1
DA:48,1
DA:49,1
DA:50,1
DA:51,1
DA:52,1
DA:53,1
DA:54,1
DA:55,1
DA:56,1
DA:57,1
DA:58,3
DA:59,1
DA:60,1
DA:61,1
LF:61
LH:61
BRDA:61,0,0,1
BRDA:61,1,0,1
BRDA:61,2,0,1
BRDA:61,3,0,0
BRDA:61,4,0,0
BRDA:61,5,0,0
BRDA:61,6,0,0
BRDA:61,7,0,1
BRDA:61,8,0,2
BRDA:61,9,0,2
BRDA:61,10,0,3
BRDA:61,11,0,5
BRDA:61,12,0,0
BRDA:61,13,0,3
BRDA:61,14,0,5
BRDA:61,15,0,3
BRDA:61,16,0,2
BRDA:61,17,0,6
BRDA:61,18,0,1
BRDA:61,19,0,5
BRDA:61,20,0,3
BRDA:61,21,0,5
BRDA:61,22,0,0
BRDA:61,23,0,9
BRDA:61,24,0,8
BRDA:61,25,0,8
BRDA:61,26,0,0
BRDA:61,27,0,16
BRDA:61,28,0,0
BRDA:61,29,0,0
BRDA:61,30,0,0
BRDA:61,31,0,0
BRDA:61,32,0,8
BRDA:61,33,0,8
BRDA:61,34,0,5
BRDA:61,35,0,0
BRDA:61,36,0,0
BRDA:61,37,0,3
BRDA:61,38,0,0
BRDA:61,39,0,1
BRDA:61,40,0,0
BRDA:61,41,0,0
BRDA:61,42,0,0
BRDA:61,43,0,0
BRDA:61,44,0,8
BRDA:61,45,0,6
BRDA:61,46,0,2
BRDA:61,47,0,8
BRDA:61,48,0,3
BRDA:61,49,0,2
BRDA:61,50,0,1
BRDA:61,51,0,0
BRDA:61,52,0,2
BRDA:61,53,0,0
BRDA:22,54,0,1
BRDA:23,55,0,3
BRDA:31,56,0,3
BRDA:61,57,0,3
BRDA:61,58,0,8
BRDA:32,59,0,3
BRDA:61,60,0,3
BRDA:34,61,0,1
BRDA:36,62,0,2
BRDA:61,63,0,2
BRDA:43,64,0,1
BRF:65
BRH:45
end_of_record
TN:
SF:src/modules/users/services/CreateUserService.ts
FN:68,Object.<anonymous>
FN:68,Object.<anonymous>.__assign
FN:68,__assign
FN:68,Object.<anonymous>.__decorate
FN:68,Object.<anonymous>.__metadata
FN:68,Object.<anonymous>.__param
FN:68,Object.<anonymous>.__awaiter
FN:68,adopt
FN:68,fulfilled
FN:68,rejected
FN:68,step
FN:68,Object.<anonymous>.__generator
FN:68,sent
FN:68,g.<computed>
FN:68,verb
FN:68,step
FN:68,Object.<anonymous>.__rest
FN:68,Object.<anonymous>.__importDefault
FN:28,CreateUserService
FN:36,Object.<anonymous>.CreateUserService.execute
FNF:20
FNH:17
FNDA:3,Object.<anonymous>
FNDA:3,Object.<anonymous>.__assign
FNDA:0,__assign
FNDA:3,Object.<anonymous>.__decorate
FNDA:3,Object.<anonymous>.__metadata
FNDA:6,Object.<anonymous>.__param
FNDA:9,Object.<anonymous>.__awaiter
FNDA:24,adopt
FNDA:24,fulfilled
FNDA:0,rejected
FNDA:31,step
FNDA:9,Object.<anonymous>.__generator
FNDA:24,sent
FNDA:0,g.<computed>
FNDA:27,verb
FNDA:33,step
FNDA:9,Object.<anonymous>.__rest
FNDA:6,Object.<anonymous>.__importDefault
FNDA:8,CreateUserService
FNDA:9,Object.<anonymous>.CreateUserService.execute
DA:1,1
DA:2,1
DA:3,1
DA:4,1
DA:5,1
DA:6,1
DA:7,1
DA:8,1
DA:9,1
DA:10,1
DA:11,1
DA:12,1
DA:13,1
DA:14,1
DA:15,1
DA:16,1
DA:17,1
DA:18,1
DA:19,1
DA:20,1
DA:21,1
DA:22,1
DA:23,1
DA:24,1
DA:25,1
DA:26,1
DA:27,3
DA:28,3
DA:29,8
DA:30,8
DA:31,8
DA:32,8
DA:33,8
DA:34,8
DA:35,3
DA:36,3
DA:37,9
DA:38,9
DA:39,9
DA:40,9
DA:41,9
DA:42,1
DA:43,1
DA:44,8
DA:45,8
DA:46,8
DA:47,9
DA:48,9
DA:49,9
DA:50,1
DA:51,1
DA:52,1
DA:53,1
DA:54,7
DA:55,7
DA:56,7
DA:57,9
DA:58,9
DA:59,9
DA:60,9
DA:61,9
DA:62,9
DA:63,9
DA:64,9
DA:65,9
DA:66,3
DA:67,1
DA:68,1
LF:68
LH:68
BRDA:68,0,0,3
BRDA:68,1,0,3
BRDA:68,2,0,3
BRDA:68,3,0,0
BRDA:68,4,0,3
BRDA:68,5,0,0
BRDA:68,6,0,0
BRDA:68,7,0,0
BRDA:68,8,0,0
BRDA:68,9,0,3
BRDA:68,10,0,6
BRDA:68,11,0,6
BRDA:68,12,0,9
BRDA:68,13,0,24
BRDA:68,14,0,0
BRDA:68,15,0,9
BRDA:68,16,0,24
BRDA:68,17,0,22
BRDA:68,18,0,2
BRDA:68,19,0,31
BRDA:68,20,0,7
BRDA:68,21,0,24
BRDA:68,22,0,9
BRDA:68,23,0,24
BRDA:68,24,0,0
BRDA:68,25,0,27
BRDA:68,26,0,33
BRDA:68,27,0,33
BRDA:68,28,0,0
BRDA:68,29,0,66
BRDA:68,30,0,0
BRDA:68,31,0,0
BRDA:68,32,0,0
BRDA:68,33,0,0
BRDA:68,34,0,33
BRDA:68,35,0,33
BRDA:68,36,0,24
BRDA:68,37,0,0
BRDA:68,38,0,0
BRDA:68,39,0,9
BRDA:68,40,0,0
BRDA:68,41,0,7
BRDA:68,42,0,0
BRDA:68,43,0,0
BRDA:68,44,0,0
BRDA:68,45,0,0
BRDA:68,46,0,46
BRDA:68,47,0,33
BRDA:68,48,0,31
BRDA:68,49,0,2
BRDA:68,50,0,33
BRDA:68,51,0,9
BRDA:68,52,0,22
BRDA:68,53,0,2
BRDA:68,54,0,7
BRDA:68,55,0,0
BRDA:68,56,0,9
BRDA:68,57,0,117
BRDA:68,58,0,90
BRDA:68,59,0,0
BRDA:68,60,0,6
BRDA:68,61,0,0
BRDA:27,62,0,3
BRDA:28,63,0,8
BRDA:36,64,0,9
BRDA:68,65,0,9
BRDA:68,66,0,33
BRDA:68,67,0,9
BRDA:68,68,0,9
BRDA:41,69,0,1
BRDA:43,70,0,8
BRDA:68,71,0,8
BRDA:49,72,0,1
BRDA:53,73,0,7
BRDA:68,74,0,7
BRF:75
BRH:53
end_of_record
TN:
SF:src/modules/users/services/DeleteUserService.ts
FN:28,Object.<anonymous>
FN:28,Object.<anonymous>.__decorate
FN:28,Object.<anonymous>.__metadata
FN:28,Object.<anonymous>.__param
FN:28,Object.<anonymous>.__awaiter
FN:28,adopt
FN:28,fulfilled
FN:28,rejected
FN:28,step
FN:28,Object.<anonymous>.__generator
FN:28,sent
FN:28,g.<computed>
FN:28,verb
FN:28,step
FN:28,Object.<anonymous>.__importDefault
FN:9,CreateUserService
FN:14,Object.<anonymous>.CreateUserService.execute
FNF:17
FNH:15
FNDA:1,Object.<anonymous>
FNDA:1,Object.<anonymous>.__decorate
FNDA:1,Object.<anonymous>.__metadata
FNDA:1,Object.<anonymous>.__param
FNDA:3,Object.<anonymous>.__awaiter
FNDA:4,adopt
FNDA:4,fulfilled
FNDA:0,rejected
FNDA:5,step
FNDA:3,Object.<anonymous>.__generator
FNDA:4,sent
FNDA:0,g.<computed>
FNDA:9,verb
FNDA:7,step
FNDA:1,Object.<anonymous>.__importDefault
FNDA:3,CreateUserService
FNDA:3,Object.<anonymous>.CreateUserService.execute
DA:1,1
DA:2,1
DA:3,1
DA:4,1
DA:5,1
DA:6,1
DA:7,1
DA:8,1
DA:9,1
DA:10,3
DA:11,3
DA:12,3
DA:13,1
DA:14,1
DA:15,3
DA:16,3
DA:17,3
DA:18,2
DA:19,2
DA:20,3
DA:21,1
DA:22,1
DA:23,1
DA:24,1
DA:25,3
DA:26,1
DA:27,1
DA:28,1
LF:28
LH:28
BRDA:28,0,0,1
BRDA:28,1,0,1
BRDA:28,2,0,1
BRDA:28,3,0,0
BRDA:28,4,0,0
BRDA:28,5,0,0
BRDA:28,6,0,0
BRDA:28,7,0,1
BRDA:28,8,0,1
BRDA:28,9,0,1
BRDA:28,10,0,3
BRDA:28,11,0,4
BRDA:28,12,0,0
BRDA:28,13,0,3
BRDA:28,14,0,4
BRDA:28,15,0,2
BRDA:28,16,0,5
BRDA:28,17,0,1
BRDA:28,18,0,4
BRDA:28,19,0,3
BRDA:28,20,0,4
BRDA:28,21,0,0
BRDA:28,22,0,9
BRDA:28,23,0,7
BRDA:28,24,0,7
BRDA:28,25,0,0
BRDA:28,26,0,14
BRDA:28,27,0,0
BRDA:28,28,0,0
BRDA:28,29,0,0
BRDA:28,30,0,0
BRDA:28,31,0,7
BRDA:28,32,0,7
BRDA:28,33,0,4
BRDA:28,34,0,0
BRDA:28,35,0,0
BRDA:28,36,0,3
BRDA:28,37,0,0
BRDA:28,38,0,1
BRDA:28,39,0,0
BRDA:28,40,0,0
BRDA:28,41,0,0
BRDA:28,42,0,0
BRDA:28,43,0,7
BRDA:28,44,0,5
BRDA:28,45,0,2
BRDA:28,46,0,7
BRDA:28,47,0,3
BRDA:28,48,0,2
BRDA:28,49,0,1
BRDA:28,50,0,0
BRDA:28,51,0,1
BRDA:28,52,0,0
BRDA:8,53,0,1
BRDA:9,54,0,3
BRDA:14,55,0,3
BRDA:28,56,0,3
BRDA:28,57,0,7
BRDA:15,58,0,3
BRDA:28,59,0,3
BRDA:17,60,0,1
BRDA:17,61,0,2
BRDA:20,62,0,1
BRDA:28,63,0,1
BRF:64
BRH:44
end_of_record
