TN:
SF:src/modules/users/services/CreateUserService.ts
FN:65,Object.<anonymous>
FN:65,Object.<anonymous>.__assign
FN:65,__assign
FN:65,Object.<anonymous>.__decorate
FN:65,Object.<anonymous>.__metadata
FN:65,Object.<anonymous>.__param
FN:65,Object.<anonymous>.__awaiter
FN:65,adopt
FN:65,fulfilled
FN:65,rejected
FN:65,step
FN:65,Object.<anonymous>.__generator
FN:65,sent
FN:65,g.<computed>
FN:65,verb
FN:65,step
FN:65,Object.<anonymous>.__rest
FN:65,Object.<anonymous>.__importDefault
FN:28,CreateUserService
FN:33,Object.<anonymous>.CreateUserService.execute
FNF:20
FNH:17
FNDA:1,Object.<anonymous>
FNDA:1,Object.<anonymous>.__assign
FNDA:0,__assign
FNDA:1,Object.<anonymous>.__decorate
FNDA:1,Object.<anonymous>.__metadata
FNDA:1,Object.<anonymous>.__param
FNDA:4,Object.<anonymous>.__awaiter
FNDA:9,adopt
FNDA:9,fulfilled
FNDA:0,rejected
FNDA:11,step
FNDA:4,Object.<anonymous>.__generator
FNDA:9,sent
FNDA:0,g.<computed>
FNDA:12,verb
FNDA:13,step
FNDA:4,Object.<anonymous>.__rest
FNDA:2,Object.<anonymous>.__importDefault
FNDA:3,CreateUserService
FNDA:4,Object.<anonymous>.CreateUserService.execute
DA:1,1
DA:2,1
DA:3,1
DA:4,1
DA:5,1
DA:6,1
DA:7,1
DA:8,1
DA:9,1
DA:10,1
DA:11,1
DA:12,1
DA:13,1
DA:14,1
DA:15,1
DA:16,1
DA:17,1
DA:18,1
DA:19,1
DA:20,1
DA:21,1
DA:22,1
DA:23,1
DA:24,1
DA:25,1
DA:26,1
DA:27,1
DA:28,1
DA:29,3
DA:30,3
DA:31,3
DA:32,1
DA:33,1
DA:34,4
DA:35,4
DA:36,4
DA:37,4
DA:38,4
DA:39,1
DA:40,1
DA:41,3
DA:42,3
DA:43,3
DA:44,4
DA:45,4
DA:46,4
DA:47,1
DA:48,1
DA:49,1
DA:50,1
DA:51,2
DA:52,2
DA:53,2
DA:54,4
DA:55,4
DA:56,4
DA:57,4
DA:58,4
DA:59,4
DA:60,4
DA:61,4
DA:62,4
DA:63,1
DA:64,1
DA:65,1
LF:65
LH:65
BRDA:65,0,0,1
BRDA:65,1,0,1
BRDA:65,2,0,1
BRDA:65,3,0,0
BRDA:65,4,0,1
BRDA:65,5,0,0
BRDA:65,6,0,0
BRDA:65,7,0,0
BRDA:65,8,0,0
BRDA:65,9,0,1
BRDA:65,10,0,1
BRDA:65,11,0,1
BRDA:65,12,0,4
BRDA:65,13,0,9
BRDA:65,14,0,0
BRDA:65,15,0,4
BRDA:65,16,0,9
BRDA:65,17,0,7
BRDA:65,18,0,2
BRDA:65,19,0,11
BRDA:65,20,0,2
BRDA:65,21,0,9
BRDA:65,22,0,4
BRDA:65,23,0,9
BRDA:65,24,0,0
BRDA:65,25,0,12
BRDA:65,26,0,13
BRDA:65,27,0,13
BRDA:65,28,0,0
BRDA:65,29,0,26
BRDA:65,30,0,0
BRDA:65,31,0,0
BRDA:65,32,0,0
BRDA:65,33,0,0
BRDA:65,34,0,13
BRDA:65,35,0,13
BRDA:65,36,0,9
BRDA:65,37,0,0
BRDA:65,38,0,0
BRDA:65,39,0,4
BRDA:65,40,0,0
BRDA:65,41,0,2
BRDA:65,42,0,0
BRDA:65,43,0,0
BRDA:65,44,0,0
BRDA:65,45,0,0
BRDA:65,46,0,13
BRDA:65,47,0,11
BRDA:65,48,0,2
BRDA:65,49,0,13
BRDA:65,50,0,4
BRDA:65,51,0,2
BRDA:65,52,0,0
BRDA:65,53,0,4
BRDA:65,54,0,52
BRDA:65,55,0,40
BRDA:65,56,0,0
BRDA:65,57,0,2
BRDA:65,58,0,0
BRDA:27,59,0,1
BRDA:28,60,0,3
BRDA:33,61,0,4
BRDA:65,62,0,4
BRDA:65,63,0,13
BRDA:65,64,0,4
BRDA:65,65,0,4
BRDA:38,66,0,1
BRDA:40,67,0,3
BRDA:65,68,0,3
BRDA:46,69,0,1
BRDA:50,70,0,2
BRDA:65,71,0,2
BRF:72
BRH:50
end_of_record
TN:
SF:src/modules/users/services/DeleteUserService.ts
FN:1,(empty-report)
FNF:1
FNH:0
FNDA:0,(empty-report)
DA:1,0
DA:2,0
DA:3,0
DA:4,0
DA:5,0
DA:6,0
DA:7,0
DA:8,0
DA:9,0
DA:10,0
DA:11,0
DA:12,0
DA:13,0
DA:14,0
DA:15,0
DA:16,0
DA:17,0
DA:18,0
DA:19,0
DA:20,0
DA:21,0
DA:22,0
DA:23,0
LF:23
LH:0
BRDA:1,0,0,0
BRF:1
BRH:0
end_of_record
